2025-09-13 16:34:39 [main] DEBUG org.apache.poi.openxml4j.opc.PackageRelationshipCollection - Parsing relationship: /xl/_rels/workbook.xml.rels
2025-09-13 16:34:39 [main] DEBUG org.apache.poi.openxml4j.opc.PackageRelationshipCollection - Parsing relationship: /xl/worksheets/_rels/sheet1.xml.rels
2025-09-13 16:34:39 [main] DEBUG org.apache.poi.openxml4j.opc.PackageRelationshipCollection - Parsing relationship: /_rels/.rels
2025-09-13 16:34:48 [main] DEBUG org.apache.poi.openxml4j.opc.PackageRelationshipCollection - Parsing relationship: /xl/_rels/workbook.xml.rels
2025-09-13 16:34:48 [main] DEBUG org.apache.poi.openxml4j.opc.PackageRelationshipCollection - Parsing relationship: /xl/worksheets/_rels/sheet1.xml.rels
2025-09-13 16:34:48 [main] DEBUG org.apache.poi.openxml4j.opc.PackageRelationshipCollection - Parsing relationship: /_rels/.rels
2025-09-13 16:34:52 [main] INFO  api.tests.User_Tests - Starting testPostUser execution
2025-09-13 16:34:54 [main] DEBUG api.tests.User_Tests - Payload created successfully
2025-09-13 16:34:54 [main] INFO  api.tests.User_Tests - Starting testGetUser execution
2025-09-13 16:34:56 [main] INFO  api.tests.User_Tests - Starting testUpdateUser execution
2025-09-13 16:34:57 [main] INFO  api.tests.User_Tests - Starting testDeleteUser execution
2025-09-13 17:00:41 [main] DEBUG org.apache.poi.openxml4j.opc.PackageRelationshipCollection - Parsing relationship: /xl/_rels/workbook.xml.rels
2025-09-13 17:00:41 [main] DEBUG org.apache.poi.openxml4j.opc.PackageRelationshipCollection - Parsing relationship: /xl/worksheets/_rels/sheet1.xml.rels
2025-09-13 17:00:41 [main] DEBUG org.apache.poi.openxml4j.opc.PackageRelationshipCollection - Parsing relationship: /_rels/.rels
2025-09-13 17:00:51 [main] DEBUG org.apache.poi.openxml4j.opc.PackageRelationshipCollection - Parsing relationship: /xl/_rels/workbook.xml.rels
2025-09-13 17:00:51 [main] DEBUG org.apache.poi.openxml4j.opc.PackageRelationshipCollection - Parsing relationship: /xl/worksheets/_rels/sheet1.xml.rels
2025-09-13 17:00:51 [main] DEBUG org.apache.poi.openxml4j.opc.PackageRelationshipCollection - Parsing relationship: /_rels/.rels
2025-09-13 17:00:58 [main] INFO  api.tests.User_Tests - Starting testPostUser execution
2025-09-13 17:01:00 [main] DEBUG api.tests.User_Tests - Payload created successfully
2025-09-13 17:01:00 [main] INFO  api.tests.User_Tests - Starting testGetUser execution
2025-09-13 17:01:01 [main] INFO  api.tests.User_Tests - Starting testUpdateUser execution
2025-09-13 17:01:03 [main] INFO  api.tests.User_Tests - Starting testDeleteUser execution
2025-09-13 17:01:06 [main] INFO  api.tests.User_Tests2 - Starting testPostUser execution
2025-09-13 17:01:07 [main] DEBUG api.tests.User_Tests2 - Payload created successfully
2025-09-13 17:01:07 [main] INFO  api.tests.User_Tests2 - Starting testGetUser execution
2025-09-13 17:01:09 [main] INFO  api.tests.User_Tests2 - Starting testUpdateUser execution
2025-09-13 17:01:11 [main] INFO  api.tests.User_Tests2 - Starting testDeleteUser execution
2025-09-13 18:06:18 [main] DEBUG org.apache.poi.openxml4j.opc.PackageRelationshipCollection - Parsing relationship: /xl/_rels/workbook.xml.rels
2025-09-13 18:06:18 [main] DEBUG org.apache.poi.openxml4j.opc.PackageRelationshipCollection - Parsing relationship: /xl/worksheets/_rels/sheet1.xml.rels
2025-09-13 18:06:18 [main] DEBUG org.apache.poi.openxml4j.opc.PackageRelationshipCollection - Parsing relationship: /_rels/.rels
2025-09-13 18:06:27 [main] DEBUG org.apache.poi.openxml4j.opc.PackageRelationshipCollection - Parsing relationship: /xl/_rels/workbook.xml.rels
2025-09-13 18:06:27 [main] DEBUG org.apache.poi.openxml4j.opc.PackageRelationshipCollection - Parsing relationship: /xl/worksheets/_rels/sheet1.xml.rels
2025-09-13 18:06:27 [main] DEBUG org.apache.poi.openxml4j.opc.PackageRelationshipCollection - Parsing relationship: /_rels/.rels
2025-09-13 18:06:32 [main] INFO  api.tests.User_Tests - Starting testPostUser execution
2025-09-13 18:06:34 [main] DEBUG api.tests.User_Tests - Payload created successfully
2025-09-13 18:06:34 [main] INFO  api.tests.User_Tests - Starting testGetUser execution
2025-09-13 18:06:35 [main] INFO  api.tests.User_Tests - Starting testUpdateUser execution
2025-09-13 18:06:37 [main] INFO  api.tests.User_Tests - Starting testDeleteUser execution
2025-09-13 18:06:38 [main] INFO  api.tests.User_Tests2 - Starting testPostUser execution
2025-09-13 18:06:40 [main] DEBUG api.tests.User_Tests2 - Payload created successfully
2025-09-13 18:06:40 [main] INFO  api.tests.User_Tests2 - Starting testGetUser execution
2025-09-13 18:06:41 [main] INFO  api.tests.User_Tests2 - Starting testUpdateUser execution
2025-09-13 18:06:43 [main] INFO  api.tests.User_Tests2 - Starting testDeleteUser execution
